mode: count
ydb/simpleens.go:35.59,44.16 2 1
ydb/simpleens.go:48.2,50.16 3 1
ydb/simpleens.go:57.2,58.16 2 1
ydb/simpleens.go:89.2,89.17 1 1
ydb/simpleens.go:44.16,46.3 1 0
ydb/simpleens.go:50.16,52.3 1 0
ydb/simpleens.go:52.3,54.3 1 1
ydb/simpleens.go:58.16,60.3 1 0
ydb/simpleens.go:60.3,62.3 1 1
ydb/simpleens.go:92.85,99.17 6 0
ydb/simpleens.go:102.2,117.12 2 0
ydb/simpleens.go:99.17,101.3 1 0
ydb/simpleens.go:120.78,151.16 4 1
ydb/simpleens.go:155.2,156.19 2 1
ydb/simpleens.go:163.2,164.17 2 1
ydb/simpleens.go:151.16,154.3 2 0
ydb/simpleens.go:156.19,158.14 2 32
ydb/simpleens.go:158.14,159.9 1 1
ydb/size.go:3.25,4.12 1 4
ydb/size.go:16.5,16.22 1 0
ydb/size.go:5.16,6.26 1 1
ydb/size.go:7.17,8.22 1 1
ydb/size.go:9.17,10.23 1 1
ydb/size.go:11.18,12.21 1 0
ydb/size.go:13.19,14.22 1 1
ydb/car.go:3.24,4.12 1 3
ydb/car.go:26.5,26.22 1 0
ydb/car.go:5.17,6.19 1 0
ydb/car.go:7.17,8.19 1 1
ydb/car.go:9.17,10.19 1 0
ydb/car.go:11.17,12.19 1 1
ydb/car.go:13.17,14.19 1 0
ydb/car.go:15.17,16.19 1 0
ydb/car.go:17.17,18.19 1 0
ydb/car.go:19.17,20.19 1 0
ydb/car.go:21.17,22.19 1 1
ydb/car.go:23.17,24.19 1 0
ydb/sens.go:22.137,24.16 2 0
ydb/sens.go:27.2,28.16 2 0
ydb/sens.go:31.2,31.163 1 0
ydb/sens.go:24.16,26.3 1 0
ydb/sens.go:28.16,30.3 1 0
ydb/sens.go:88.97,90.16 2 1
ydb/sens.go:93.2,93.150 1 1
ydb/sens.go:90.16,92.3 1 0
ydb/sens.go:97.107,99.16 2 0
ydb/sens.go:102.2,102.52 1 0
ydb/sens.go:99.16,101.3 1 0
ydb/sens.go:106.123,108.16 2 0
ydb/sens.go:111.2,111.56 1 0
ydb/sens.go:108.16,110.3 1 0
ydb/sens.go:115.139,117.16 2 1
ydb/sens.go:120.2,120.72 1 1
ydb/sens.go:117.16,119.3 1 0
ydb/sens.go:127.127,129.2 1 0
ydb/sens.go:133.99,135.2 1 0
ydb/sens.go:138.137,140.2 1 0
ydb/sens.go:146.133,148.2 1 0
ydb/sens.go:152.109,154.2 1 0
ydb/sens.go:157.147,159.2 1 0
ydb/sens.go:164.102,171.2 4 1
ydb/sens.go:176.82,178.2 1 0
ydb/sens.go:183.88,185.2 1 0
ydb/sens.go:190.138,192.2 1 0
ydb/sens.go:197.110,199.2 1 0
ydb/sens.go:204.120,206.2 1 0
